[0604/000152.617:ERROR:cache_util_win.cc(20)] Unable to move the cache: 存取被拒。 (0x5)
[0604/000152.617:ERROR:cache_util_win.cc(20)] Unable to move the cache: 存取被拒。 (0x5)
[0604/000152.617:ERROR:cache_util_win.cc(20)] Unable to move the cache: 存取被拒。 (0x5)
[0604/000152.619:ERROR:disk_cache.cc(208)] Unable to create cache
[0604/000152.619:ERROR:gpu_disk_cache.cc(711)] Gpu Cache Creation failed: -2
[0604/000152.619:ERROR:disk_cache.cc(208)] Unable to create cache
[0604/000152.619:ERROR:gpu_disk_cache.cc(711)] Gpu Cache Creation failed: -2
[0604/000152.619:ERROR:disk_cache.cc(208)] Unable to create cache
[0604/000152.619:ERROR:gpu_disk_cache.cc(711)] Gpu Cache Creation failed: -2
[0604/000154.642:WARNING:leveldb_database.cc(123)] Unable to open D:\GitHub\TravelPlan\back-end\tmp_user_data\Default\shared_proto_db\metadata: IO error: D:\GitHub\TravelPlan\back-end\tmp_user_data\Default\shared_proto_db\metadata/LOCK: File currently in use. (ChromeMethodBFE: 15::LockFile::2)
[0604/000155.636:ERROR:service_worker_storage.cc(2016)] Failed to delete the database: Database IO error
[0604/000156.662:WARNING:leveldb_database.cc(123)] Unable to open D:\GitHub\TravelPlan\back-end\tmp_user_data\Default\shared_proto_db\metadata: IO error: D:\GitHub\TravelPlan\back-end\tmp_user_data\Default\shared_proto_db\metadata/LOCK: File currently in use. (ChromeMethodBFE: 15::LockFile::2)
[0604/000158.684:WARNING:leveldb_database.cc(123)] Unable to open D:\GitHub\TravelPlan\back-end\tmp_user_data\Default\shared_proto_db\metadata: IO error: D:\GitHub\TravelPlan\back-end\tmp_user_data\Default\shared_proto_db\metadata/LOCK: File currently in use. (ChromeMethodBFE: 15::LockFile::2)
[0604/000200.703:WARNING:leveldb_database.cc(123)] Unable to open D:\GitHub\TravelPlan\back-end\tmp_user_data\Default\shared_proto_db\metadata: IO error: D:\GitHub\TravelPlan\back-end\tmp_user_data\Default\shared_proto_db\metadata/LOCK: File currently in use. (ChromeMethodBFE: 15::LockFile::2)
[0604/000212.510:INFO:CONSOLE(461)] "-ms-high-contrast-adjust is in the process of being deprecated. Please see https://blogs.windows.com/msedgedev/2020/09/17/styling-for-windows-high-contrast-with-new-standards-for-forced-colors/ for tips on updating to the new Forced Colors Mode standard.", source: https://www.google.com.tw/maps/_/js/k=maps.m.zh_TW.C02Qe5iXjRg.2019.O/m=sc2,per,mo,lp,ti,ds,stx,dwi,enr,b/am=BqEMDUg/rt=j/d=1/rs=ACT90oG6OPGmB8qn_WGpl5bZP4uPwYLnuQ?wli=m.2catmk6Grj4.loadSv.O%3A%3B (461)
[0604/000212.510:INFO:CONSOLE(461)] "-ms-high-contrast-adjust is in the process of being deprecated. Please see https://blogs.windows.com/msedgedev/2020/09/17/styling-for-windows-high-contrast-with-new-standards-for-forced-colors/ for tips on updating to the new Forced Colors Mode standard.", source: https://www.google.com.tw/maps/_/js/k=maps.m.zh_TW.C02Qe5iXjRg.2019.O/m=sc2,per,mo,lp,ti,ds,stx,dwi,enr,b/am=BqEMDUg/rt=j/d=1/rs=ACT90oG6OPGmB8qn_WGpl5bZP4uPwYLnuQ?wli=m.2catmk6Grj4.loadSv.O%3A%3B (461)
[0604/000215.769:INFO:CONSOLE(461)] "-ms-high-contrast-adjust is in the process of being deprecated. Please see https://blogs.windows.com/msedgedev/2020/09/17/styling-for-windows-high-contrast-with-new-standards-for-forced-colors/ for tips on updating to the new Forced Colors Mode standard.", source: https://www.google.com.tw/maps/_/js/k=maps.m.zh_TW.C02Qe5iXjRg.2019.O/m=sc2,per,mo,lp,ti,ds,stx,dwi,enr,b/am=BqEMDUg/rt=j/d=1/rs=ACT90oG6OPGmB8qn_WGpl5bZP4uPwYLnuQ?wli=m.2catmk6Grj4.loadSv.O%3A%3B (461)
[0604/000216.871:INFO:CONSOLE(0)] "Error with Permissions-Policy header: Unrecognized feature: 'ch-ua-form-factor'.", source:  (0)
[0604/000216.894:INFO:CONSOLE(0)] "Third-party cookie will be blocked. Learn more in the Issues tab.", source: https://www.google.com.tw/maps/@24.7824384,121.0163134,14z/data=!4m3!11m2!2sg_wpy5HWSviAyQDR6r4Igg!3e3?entry=ttu (0)
[0604/000217.079:INFO:CONSOLE(0)] "Third-party cookie will be blocked. Learn more in the Issues tab.", source: https://www.google.com.tw/maps/@24.7824384,121.0163134,14z/data=!4m3!11m2!2sg_wpy5HWSviAyQDR6r4Igg!3e3?entry=ttu (0)
[0604/000218.719:INFO:CONSOLE(0)] "Third-party cookie will be blocked. Learn more in the Issues tab.", source: https://www.google.com.tw/maps/@24.7824384,121.0163134,14z/data=!4m3!11m2!2sg_wpy5HWSviAyQDR6r4Igg!3e3?entry=ttu (0)
[0604/000248.177:INFO:CONSOLE(0)] "Third-party cookie will be blocked. Learn more in the Issues tab.", source: https://www.google.com.tw/maps/@24.7824384,121.0163134,14z/data=!4m3!11m2!2sg_wpy5HWSviAyQDR6r4Igg!3e3?entry=ttu (0)
